app/build/intermediates/manifest_merge_blame_file/debug/manifest-merger-blame-debug-report.txt
1<?xml version="1.0" encoding="utf-8"?>
2<manifest xmlns:android="http://schemas.android.com/apk/res/android"
3    package="com.tokbox.multipartytest"
4    android:versionCode="1"
5    android:versionName="1.0" >
6
7    <uses-sdk
8        android:minSdkVersion="19"
8-->src\main\AndroidManifest.xml
9        android:targetSdkVersion="29" />
9-->src\main\AndroidManifest.xml
10
11    <uses-feature android:name="android.hardware.camera.autofocus" />
11-->src\main\AndroidManifest.xml:30:5-70
11-->src\main\AndroidManifest.xml:30:19-67
12    <uses-feature android:name="android.hardware.camera" />
12-->src\main\AndroidManifest.xml:31:5-60
12-->src\main\AndroidManifest.xml:31:19-57
13
14    <uses-permission android:name="android.permission.MODIFY_AUDIO_SETTINGS" />
14-->src\main\AndroidManifest.xml:32:5-80
14-->src\main\AndroidManifest.xml:32:22-77
15    <uses-permission android:name="android.permission.WRITE_EXTERNAL_STORAGE" />
15-->src\main\AndroidManifest.xml:33:5-81
15-->src\main\AndroidManifest.xml:33:22-78
16    <uses-permission android:name="android.permission.CAMERA" />
16-->src\main\AndroidManifest.xml:35:5-65
16-->src\main\AndroidManifest.xml:35:22-62
17    <uses-permission android:name="android.permission.INTERNET" />
17-->src\main\AndroidManifest.xml:36:5-67
17-->src\main\AndroidManifest.xml:36:22-64
18    <uses-permission android:name="android.permission.RECORD_AUDIO" />
18-->src\main\AndroidManifest.xml:38:5-71
18-->src\main\AndroidManifest.xml:38:22-68
19    <uses-permission android:name="android.permission.BLUETOOTH" />
19-->[com.opentok.android:opentok-android-sdk:2.16.6] AndroidManifest.xml:13:5-68
19-->[com.opentok.android:opentok-android-sdk:2.16.6] AndroidManifest.xml:13:22-65
20    <uses-permission android:name="android.permission.BROADCAST_STICKY" />
20-->[com.opentok.android:opentok-android-sdk:2.16.6] AndroidManifest.xml:14:5-75
20-->[com.opentok.android:opentok-android-sdk:2.16.6] AndroidManifest.xml:14:22-72
21    <uses-permission android:name="android.permission.READ_PHONE_STATE" />
21-->[com.opentok.android:opentok-android-sdk:2.16.6] AndroidManifest.xml:15:5-75
21-->[com.opentok.android:opentok-android-sdk:2.16.6] AndroidManifest.xml:15:22-72
22
23    <uses-feature
23-->[com.opentok.android:opentok-android-sdk:2.16.6] AndroidManifest.xml:21:5-23:35
24        android:glEsVersion="0x00020000"
24-->[com.opentok.android:opentok-android-sdk:2.16.6] AndroidManifest.xml:22:9-41
25        android:required="true" />
25-->[com.opentok.android:opentok-android-sdk:2.16.6] AndroidManifest.xml:23:9-32
26
27    <application
27-->src\main\AndroidManifest.xml:5:5-29:19
28        android:allowBackup="true"
28-->src\main\AndroidManifest.xml:6:9-35
29        android:appComponentFactory="androidx.core.app.CoreComponentFactory"
29-->[androidx.core:core:1.1.0] AndroidManifest.xml:24:18-86
30        android:debuggable="true"
31        android:icon="@mipmap/ic_launcher"
31-->src\main\AndroidManifest.xml:7:9-43
32        android:label="@string/app_name"
32-->src\main\AndroidManifest.xml:8:9-41
33        android:supportsRtl="true"
33-->src\main\AndroidManifest.xml:9:9-35
34        android:testOnly="true"
35        android:theme="@style/AppTheme" >
35-->src\main\AndroidManifest.xml:10:9-40
36        <activity android:name="com.tokbox.multipartytest.CallActivity" />
36-->src\main\AndroidManifest.xml:11:9-59
36-->src\main\AndroidManifest.xml:11:19-47
37        <activity android:name="com.tokbox.multipartytest.MainActivity" >
37-->src\main\AndroidManifest.xml:12:9-18:20
37-->src\main\AndroidManifest.xml:12:19-47
38            <intent-filter>
38-->src\main\AndroidManifest.xml:13:13-17:29
39                <action android:name="android.intent.action.MAIN" />
39-->src\main\AndroidManifest.xml:14:17-69
39-->src\main\AndroidManifest.xml:14:25-66
40
41                <category android:name="android.intent.category.LAUNCHER" />
41-->src\main\AndroidManifest.xml:16:17-77
41-->src\main\AndroidManifest.xml:16:27-74
42            </intent-filter>
43        </activity>
44        <activity
44-->src\main\AndroidManifest.xml:19:9-28:20
45            android:name="com.tokbox.multipartytest.RoomActivity"
45-->src\main\AndroidManifest.xml:20:13-41
46            android:configChanges="orientation|keyboardHidden|screenSize"
46-->src\main\AndroidManifest.xml:21:13-74
47            android:label="@string/title_activity_room"
47-->src\main\AndroidManifest.xml:22:13-56
48            android:parentActivityName="com.tokbox.multipartytest.MainActivity"
48-->src\main\AndroidManifest.xml:23:13-55
49            android:theme="@style/FullscreenTheme" >
49-->src\main\AndroidManifest.xml:24:13-51
50            <meta-data
50-->src\main\AndroidManifest.xml:25:13-27:74
51                android:name="android.support.PARENT_ACTIVITY"
51-->src\main\AndroidManifest.xml:26:17-63
52                android:value="com.tokbox.multipartytest.MainActivity" />
52-->src\main\AndroidManifest.xml:27:17-71
53        </activity>
54    </application>
55
56</manifest>